This is XeTeX, Version 3.14159265-2.6-0.99998 (MiKTeX 2.9.6350 64-bit) (preloaded format=xelatex 2017.11.16)  10 JAN 2018 19:42
entering extended mode
**./Practica3.tex
(Practica3.tex
LaTeX2e <2017-04-15>
Babel <3.10> and hyphenation patterns for 75 language(s) loaded.
("C:\Program Files\MiKTeX 2.9\tex\latex\extsizes\extarticle.cls"
Document Class: extarticle 1996/10/08 v1.0 Non Standard LaTeX document class
("C:\Program Files\MiKTeX 2.9\tex\latex\extsizes\size14.clo"
File: size14.clo 1999/11/11 v1.4a NON-Standard LaTeX file (size option)
)
("C:\Program Files\MiKTeX 2.9\tex\latex\base\exscale.sty"
Package: exscale 2014/09/29 v2.1h Standard LaTeX package exscale
LaTeX Font Info:    Redeclaring symbol font `largesymbols' on input line 57.
LaTeX Font Info:    Overwriting symbol font `largesymbols' in version `normal'
(Font)                  OMX/cmex/m/n --> OMX/cmex/m/n on input line 57.
LaTeX Font Info:    Overwriting symbol font `largesymbols' in version `bold'
(Font)                  OMX/cmex/m/n --> OMX/cmex/m/n on input line 57.
\big@size=\dimen102
)
\c@part=\count79
\c@section=\count80
\c@subsection=\count81
\c@subsubsection=\count82
\c@paragraph=\count83
\c@subparagraph=\count84
\c@figure=\count85
\c@table=\count86
\abovecaptionskip=\skip41
\belowcaptionskip=\skip42
\bibindent=\dimen103
)
("C:\Program Files\MiKTeX 2.9\tex\latex\base\inputenc.sty"
Package: inputenc 2015/03/17 v1.2c Input encoding file
\inpenc@prehook=\toks14
\inpenc@posthook=\toks15


Package inputenc Warning: inputenc package ignored with utf8 based engines.

) ("C:\Program Files\MiKTeX 2.9\tex\generic\babel\babel.sty"
Package: babel 2017/05/19 3.10 The Babel package

*************************************
* Local config file bblopts.cfg used
*
("C:\Program Files\MiKTeX 2.9\tex\latex\arabi\bblopts.cfg"
File: bblopts.cfg 2005/09/08 v0.1 add Arabic and Farsi to "declared" options of
 babel
)
("C:\Program Files\MiKTeX 2.9\tex\latex\babel-spanish\spanish.ldf"
Language: spanish.ldf 2016/03/03 v5.0p Spanish support from the babel system

("C:\Program Files\MiKTeX 2.9\tex\generic\babel\babel.def"
File: babel.def 2017/05/19 3.10 Babel common definitions
\babel@savecnt=\count87
\U@D=\dimen104

("C:\Program Files\MiKTeX 2.9\tex\generic\babel\xebabel.def"))
\es@quottoks=\toks16
\es@quotdepth=\count88
Package babel Info: Making " an active character on input line 561.
Package babel Info: Making . an active character on input line 662.
Package babel Info: Making < an active character on input line 707.
Package babel Info: Making > an active character on input line 707.
))
("C:\Program Files\MiKTeX 2.9\tex\latex\tools\enumerate.sty"
Package: enumerate 2015/07/23 v3.00 enumerate extensions (DPC)
\@enLab=\toks17
)
("C:\Program Files\MiKTeX 2.9\tex\latex\graphics\graphicx.sty"
Package: graphicx 2014/10/28 v1.0g Enhanced LaTeX Graphics (DPC,SPQR)

("C:\Program Files\MiKTeX 2.9\tex\latex\graphics\keyval.sty"
Package: keyval 2014/10/28 v1.15 key=value parser (DPC)
\KV@toks@=\toks18
)
("C:\Program Files\MiKTeX 2.9\tex\latex\graphics\graphics.sty"
Package: graphics 2017/04/14 v1.1b Standard LaTeX Graphics (DPC,SPQR)

("C:\Program Files\MiKTeX 2.9\tex\latex\graphics\trig.sty"
Package: trig 2016/01/03 v1.10 sin cos tan (DPC)
)
("C:\Program Files\MiKTeX 2.9\tex\latex\graphics-cfg\graphics.cfg"
File: graphics.cfg 2016/06/04 v1.11 sample graphics configuration
)
Package graphics Info: Driver file: xetex.def on input line 99.

("C:\Program Files\MiKTeX 2.9\tex\latex\graphics-def\xetex.def"
File: xetex.def 2016/07/11 v4.10 LaTeX color/graphics driver for XeTeX (L3/RRM/
JK)
))
\Gin@req@height=\dimen105
\Gin@req@width=\dimen106
)
("C:\Program Files\MiKTeX 2.9\tex\latex\listings\listings.sty"
\lst@mode=\count89
\lst@gtempboxa=\box26
\lst@token=\toks19
\lst@length=\count90
\lst@currlwidth=\dimen107
\lst@column=\count91
\lst@pos=\count92
\lst@lostspace=\dimen108
\lst@width=\dimen109
\lst@newlines=\count93
\lst@lineno=\count94
\lst@maxwidth=\dimen110

("C:\Program Files\MiKTeX 2.9\tex\latex\listings\lstmisc.sty"
File: lstmisc.sty 2015/06/04 1.6 (Carsten Heinz)
\c@lstnumber=\count95
\lst@skipnumbers=\count96
\lst@framebox=\box27
)
("C:\Program Files\MiKTeX 2.9\tex\latex\listings\listings.cfg"
File: listings.cfg 2015/06/04 1.6 listings configuration
))
Package: listings 2015/06/04 1.6 (Carsten Heinz)

("C:\Program Files\MiKTeX 2.9\tex\latex\doublestroke\dsfont.sty"
Package: dsfont 1995/08/01 v0.1 Double stroke roman fonts
)
("C:\Program Files\MiKTeX 2.9\tex\latex\caption\caption.sty"
Package: caption 2016/02/21 v3.3-144 Customizing captions (AR)

("C:\Program Files\MiKTeX 2.9\tex\latex\caption\caption3.sty"
Package: caption3 2016/05/22 v1.7-166 caption3 kernel (AR)
Package caption3 Info: TeX engine: e-TeX on input line 67.
\captionmargin=\dimen111
\captionmargin@=\dimen112
\captionwidth=\dimen113
\caption@tempdima=\dimen114
\caption@indent=\dimen115
\caption@parindent=\dimen116
\caption@hangindent=\dimen117
)
\c@ContinuedFloat=\count97
Package caption Info: listings package is loaded.
)
("C:\Program Files\MiKTeX 2.9\tex\latex\subfigure\subfigure.sty"
Package: subfigure 2002/07/30 v2.1.4 subfigure package
\subfigtopskip=\skip43
\subfigcapskip=\skip44
\subfigcaptopadj=\dimen118
\subfigbottomskip=\skip45
\subfigcapmargin=\dimen119
\subfiglabelskip=\skip46
\c@subfigure=\count98
\c@lofdepth=\count99
\c@subtable=\count100
\c@lotdepth=\count101

****************************************
* Local config file subfigure.cfg used *
****************************************
("C:\Program Files\MiKTeX 2.9\tex\latex\subfigure\subfigure.cfg")
\subfig@top=\skip47
\subfig@bottom=\skip48
)
("C:\Program Files\MiKTeX 2.9\tex\latex\amsfonts\amssymb.sty"
Package: amssymb 2013/01/14 v3.01 AMS font symbols

("C:\Program Files\MiKTeX 2.9\tex\latex\amsfonts\amsfonts.sty"
Package: amsfonts 2013/01/14 v3.01 Basic AMSFonts support
\@emptytoks=\toks20
\symAMSa=\mathgroup4
\symAMSb=\mathgroup5
LaTeX Font Info:    Overwriting math alphabet `\mathfrak' in version `bold'
(Font)                  U/euf/m/n --> U/euf/b/n on input line 106.
))
("C:\Program Files\MiKTeX 2.9\tex\latex\amscls\amsthm.sty"
Package: amsthm 2015/03/04 v2.20.2
\thm@style=\toks21
\thm@bodyfont=\toks22
\thm@headfont=\toks23
\thm@notefont=\toks24
\thm@headpunct=\toks25
\thm@preskip=\skip49
\thm@postskip=\skip50
\thm@headsep=\skip51
\dth@everypar=\toks26
)
("C:\Program Files\MiKTeX 2.9\tex\latex\oberdiek\pdflscape.sty"
Package: pdflscape 2016/05/14 v0.11 Display of landscape pages in PDF (HO)

("C:\Program Files\MiKTeX 2.9\tex\latex\graphics\lscape.sty"
Package: lscape 2000/10/22 v3.01 Landscape Pages (DPC)
)
("C:\Program Files\MiKTeX 2.9\tex\generic\oberdiek\ifpdf.sty"
Package: ifpdf 2017/03/15 v3.2 Provides the ifpdf switch
)
("C:\Program Files\MiKTeX 2.9\tex\generic\ifxetex\ifxetex.sty"
Package: ifxetex 2010/09/12 v0.6 Provides ifxetex conditional
)
Package pdflscape Info: Auto-detected driver: dvipdfm (xetex) on input line 99.


("C:\Program Files\MiKTeX 2.9\tex\generic\oberdiek\atbegshi.sty"
Package: atbegshi 2016/06/09 v1.18 At begin shipout hook (HO)

("C:\Program Files\MiKTeX 2.9\tex\generic\oberdiek\infwarerr.sty"
Package: infwarerr 2016/05/16 v1.4 Providing info/warning/error messages (HO)
)
("C:\Program Files\MiKTeX 2.9\tex\generic\oberdiek\ltxcmds.sty"
Package: ltxcmds 2016/05/16 v1.23 LaTeX kernel commands for general use (HO)
)))
("C:\Program Files\MiKTeX 2.9\tex\latex\marvosym\marvosym.sty"
Package: marvosym 2011/07/20 v2.2 Martin Vogel's Symbols font definitions
)
("C:\Program Files\MiKTeX 2.9\tex\latex\amsmath\amsmath.sty"
Package: amsmath 2016/11/05 v2.16a AMS math features
\@mathmargin=\skip52

For additional information on amsmath, use the `?' option.
("C:\Program Files\MiKTeX 2.9\tex\latex\amsmath\amstext.sty"
Package: amstext 2000/06/29 v2.01 AMS text

("C:\Program Files\MiKTeX 2.9\tex\latex\amsmath\amsgen.sty"
File: amsgen.sty 1999/11/30 v2.0 generic functions
\@emptytoks=\toks27
\ex@=\dimen120
))
("C:\Program Files\MiKTeX 2.9\tex\latex\amsmath\amsbsy.sty"
Package: amsbsy 1999/11/29 v1.2d Bold Symbols
\pmbraise@=\dimen121
)
("C:\Program Files\MiKTeX 2.9\tex\latex\amsmath\amsopn.sty"
Package: amsopn 2016/03/08 v2.02 operator names
)
\inf@bad=\count102
LaTeX Info: Redefining \frac on input line 213.
\uproot@=\count103
\leftroot@=\count104
LaTeX Info: Redefining \overline on input line 375.
\classnum@=\count105
\DOTSCASE@=\count106
LaTeX Info: Redefining \ldots on input line 472.
LaTeX Info: Redefining \dots on input line 475.
LaTeX Info: Redefining \cdots on input line 596.
\Mathstrutbox@=\box28
\strutbox@=\box29
\big@size=\dimen122
LaTeX Font Info:    Redeclaring font encoding OML on input line 712.
LaTeX Font Info:    Redeclaring font encoding OMS on input line 713.
\macc@depth=\count107
\c@MaxMatrixCols=\count108
\dotsspace@=\muskip10
\c@parentequation=\count109
\dspbrk@lvl=\count110
\tag@help=\toks28
\row@=\count111
\column@=\count112
\maxfields@=\count113
\andhelp@=\toks29
\eqnshift@=\dimen123
\alignsep@=\dimen124
\tagshift@=\dimen125
\tagwidth@=\dimen126
\totwidth@=\dimen127
\lineht@=\dimen128
\@envbody=\toks30
\multlinegap=\skip53
\multlinetaggap=\skip54
\mathdisplay@stack=\toks31
LaTeX Info: Redefining \[ on input line 2817.
LaTeX Info: Redefining \] on input line 2818.
)
("C:\Program Files\MiKTeX 2.9\tex\latex\jknappen\mathrsfs.sty"
Package: mathrsfs 1996/01/01 Math RSFS package v1.0 (jk)
\symrsfs=\mathgroup6
)
("C:\Program Files\MiKTeX 2.9\tex\latex\hyperref\hyperref.sty"
Package: hyperref 2017/03/14 v6.85a Hypertext links for LaTeX

("C:\Program Files\MiKTeX 2.9\tex\generic\oberdiek\hobsub-hyperref.sty"
Package: hobsub-hyperref 2016/05/16 v1.14 Bundle oberdiek, subset hyperref (HO)


("C:\Program Files\MiKTeX 2.9\tex\generic\oberdiek\hobsub-generic.sty"
Package: hobsub-generic 2016/05/16 v1.14 Bundle oberdiek, subset generic (HO)
Package: hobsub 2016/05/16 v1.14 Construct package bundles (HO)
Package hobsub Info: Skipping package `infwarerr' (already loaded).
Package hobsub Info: Skipping package `ltxcmds' (already loaded).
Package: ifluatex 2016/05/16 v1.4 Provides the ifluatex switch (HO)
Package ifluatex Info: LuaTeX not detected.
Package: ifvtex 2016/05/16 v1.6 Detect VTeX and its facilities (HO)
Package ifvtex Info: VTeX not detected.
Package: intcalc 2016/05/16 v1.2 Expandable calculations with integers (HO)
Package hobsub Info: Skipping package `ifpdf' (already loaded).
Package: etexcmds 2016/05/16 v1.6 Avoid name clashes with e-TeX commands (HO)
Package etexcmds Info: Could not find \expanded.
(etexcmds)             That can mean that you are not using pdfTeX 1.50 or
(etexcmds)             that some package has redefined \expanded.
(etexcmds)             In the latter case, load this package earlier.
Package: kvsetkeys 2016/05/16 v1.17 Key value parser (HO)
Package: kvdefinekeys 2016/05/16 v1.4 Define keys (HO)
Package: pdftexcmds 2017/03/19 v0.25 Utility functions of pdfTeX for LuaTeX (HO
)
Package pdftexcmds Info: LuaTeX not detected.
Package pdftexcmds Info: pdfTeX >= 1.30 not detected.
Package pdftexcmds Info: \pdf@primitive is available.
Package pdftexcmds Info: \pdf@ifprimitive is available.
Package pdftexcmds Info: \pdfdraftmode not found.
Package: pdfescape 2016/05/16 v1.14 Implements pdfTeX's escape features (HO)
Package: bigintcalc 2016/05/16 v1.4 Expandable calculations on big integers (HO
)
Package: bitset 2016/05/16 v1.2 Handle bit-vector datatype (HO)
Package: uniquecounter 2016/05/16 v1.3 Provide unlimited unique counter (HO)
)
Package hobsub Info: Skipping package `hobsub' (already loaded).
Package: letltxmacro 2016/05/16 v1.5 Let assignment for LaTeX macros (HO)
Package: hopatch 2016/05/16 v1.3 Wrapper for package hooks (HO)
Package: xcolor-patch 2016/05/16 xcolor patch
Package: atveryend 2016/05/16 v1.9 Hooks at the very end of document (HO)
Package atveryend Info: \enddocument detected (standard20110627).
Package hobsub Info: Skipping package `atbegshi' (already loaded).
Package: refcount 2016/05/16 v3.5 Data extraction from label references (HO)
Package: hycolor 2016/05/16 v1.8 Color options for hyperref/bookmark (HO)
)
("C:\Program Files\MiKTeX 2.9\tex\latex\oberdiek\auxhook.sty"
Package: auxhook 2016/05/16 v1.4 Hooks for auxiliary files (HO)
)
("C:\Program Files\MiKTeX 2.9\tex\latex\oberdiek\kvoptions.sty"
Package: kvoptions 2016/05/16 v3.12 Key value format for package options (HO)
)
\@linkdim=\dimen129
\Hy@linkcounter=\count114
\Hy@pagecounter=\count115

("C:\Program Files\MiKTeX 2.9\tex\latex\hyperref\pd1enc.def"
File: pd1enc.def 2017/03/14 v6.85a Hyperref: PDFDocEncoding definition (HO)
)
\Hy@SavedSpaceFactor=\count116

("C:\Program Files\MiKTeX 2.9\tex\latex\00miktex\hyperref.cfg"
File: hyperref.cfg 2002/06/06 v1.2 hyperref configuration of TeXLive
)
Package hyperref Info: Hyper figures OFF on input line 4498.
Package hyperref Info: Link nesting OFF on input line 4503.
Package hyperref Info: Hyper index ON on input line 4506.
Package hyperref Info: Plain pages OFF on input line 4513.
Package hyperref Info: Backreferencing OFF on input line 4518.
Package hyperref Info: Implicit mode ON; LaTeX internals redefined.
Package hyperref Info: Bookmarks ON on input line 4751.
\c@Hy@tempcnt=\count117

("C:\Program Files\MiKTeX 2.9\tex\latex\url\url.sty"
\Urlmuskip=\muskip11
Package: url 2013/09/16  ver 3.4  Verb mode for urls, etc.
)
LaTeX Info: Redefining \url on input line 5104.
\XeTeXLinkMargin=\dimen130
\Fld@menulength=\count118
\Field@Width=\dimen131
\Fld@charsize=\dimen132
Package hyperref Info: Hyper figures OFF on input line 6358.
Package hyperref Info: Link nesting OFF on input line 6363.
Package hyperref Info: Hyper index ON on input line 6366.
Package hyperref Info: backreferencing OFF on input line 6373.
Package hyperref Info: Link coloring OFF on input line 6378.
Package hyperref Info: Link coloring with OCG OFF on input line 6383.
Package hyperref Info: PDF/A mode OFF on input line 6388.
LaTeX Info: Redefining \ref on input line 6428.
LaTeX Info: Redefining \pageref on input line 6432.
\Hy@abspage=\count119
\c@Item=\count120
\c@Hfootnote=\count121
)

Package hyperref Message: Driver (autodetected): hxetex.

("C:\Program Files\MiKTeX 2.9\tex\latex\hyperref\hxetex.def"
File: hxetex.def 2017/03/14 v6.85a Hyperref driver for XeTeX

("C:\Program Files\MiKTeX 2.9\tex\latex\hyperref\puenc.def"
File: puenc.def 2017/03/14 v6.85a Hyperref: PDF Unicode definition (HO)
)
("C:\Program Files\MiKTeX 2.9\tex\generic\oberdiek\stringenc.sty"
Package: stringenc 2016/05/16 v1.11 Convert strings between diff. encodings (HO
)
)
\pdfm@box=\box30
\c@Hy@AnnotLevel=\count122
\HyField@AnnotCount=\count123
\Fld@listcount=\count124
\c@bookmark@seq@number=\count125

("C:\Program Files\MiKTeX 2.9\tex\latex\oberdiek\rerunfilecheck.sty"
Package: rerunfilecheck 2016/05/16 v1.8 Rerun checks for auxiliary files (HO)
Package rerunfilecheck Info: Feature \pdfmdfivesum is not available
(rerunfilecheck)             (e.g. pdfTeX or LuaTeX with package `pdftexcmds').

(rerunfilecheck)             Therefore file contents cannot be checked efficien
tly
(rerunfilecheck)             and the loading of the package is aborted.
)
\Hy@SectionHShift=\skip55
)
(Practica3.aux
LaTeX Info: Redefining \. on input line 23.
LaTeX Info: Redefining \% on input line 23.
)
\openout1 = `Practica3.aux'.

LaTeX Font Info:    Checking defaults for OML/cmm/m/it on input line 23.
LaTeX Font Info:    ... okay on input line 23.
LaTeX Font Info:    Checking defaults for T1/cmr/m/n on input line 23.
LaTeX Font Info:    ... okay on input line 23.
LaTeX Font Info:    Checking defaults for OT1/cmr/m/n on input line 23.
LaTeX Font Info:    ... okay on input line 23.
LaTeX Font Info:    Checking defaults for OMS/cmsy/m/n on input line 23.
LaTeX Font Info:    ... okay on input line 23.
LaTeX Font Info:    Checking defaults for TU/lmr/m/n on input line 23.
LaTeX Font Info:    ... okay on input line 23.
LaTeX Font Info:    Checking defaults for OMX/cmex/m/n on input line 23.
LaTeX Font Info:    ... okay on input line 23.
LaTeX Font Info:    Checking defaults for U/cmr/m/n on input line 23.
LaTeX Font Info:    ... okay on input line 23.
LaTeX Font Info:    Checking defaults for PD1/pdf/m/n on input line 23.
LaTeX Font Info:    ... okay on input line 23.
LaTeX Font Info:    Checking defaults for PU/pdf/m/n on input line 23.
LaTeX Font Info:    ... okay on input line 23.
LaTeX Info: Redefining \. on input line 23.
LaTeX Info: Redefining \% on input line 23.
\c@lstlisting=\count126
Package caption Info: Begin \AtBeginDocument code.
Package caption Info: hyperref package is loaded.
Package caption Info: subfigure package is loaded.
Package caption Info: End \AtBeginDocument code.
\AtBeginShipoutBox=\box31
Package hyperref Info: Link coloring OFF on input line 23.
 ("C:\Program Files\MiKTeX 2.9\tex\latex\hyperref\nameref.sty"
Package: nameref 2016/05/21 v2.44 Cross-referencing by name of section

("C:\Program Files\MiKTeX 2.9\tex\generic\oberdiek\gettitlestring.sty"
Package: gettitlestring 2016/05/16 v1.5 Cleanup title references (HO)
)
\c@section@level=\count127
)
LaTeX Info: Redefining \ref on input line 23.
LaTeX Info: Redefining \pageref on input line 23.
LaTeX Info: Redefining \nameref on input line 23.

(Practica3.out) (Practica3.out)
\@outlinefile=\write3
\openout3 = `Practica3.out'.



Package hyperref Warning: Rerun to get /PageLabels entry.

LaTeX Font Info:    Try loading font information for U+msa on input line 25.
("C:\Program Files\MiKTeX 2.9\tex\latex\amsfonts\umsa.fd"
File: umsa.fd 2013/01/14 v3.01 AMS symbols A
)
LaTeX Font Info:    Try loading font information for U+msb on input line 25.

("C:\Program Files\MiKTeX 2.9\tex\latex\amsfonts\umsb.fd"
File: umsb.fd 2013/01/14 v3.01 AMS symbols B
)
LaTeX Font Info:    Try loading font information for U+rsfs on input line 25.

("C:\Program Files\MiKTeX 2.9\tex\latex\jknappen\ursfs.fd"
File: ursfs.fd 1998/03/24 rsfs font definition file (jk)
) (Practica3.toc
LaTeX Info: Redefining \. on input line 1.
LaTeX Info: Redefining \% on input line 1.
)
\tf@toc=\write4
\openout4 = `Practica3.toc'.

Package babel Info: Redefining spanish shorthand <<
(babel)             in language  on input line 27.
Package babel Info: Redefining spanish shorthand >>
(babel)             in language  on input line 27.
Package babel Info: Redefining spanish shorthand "=
(babel)             in language  on input line 27.
Package babel Info: Redefining spanish shorthand "~
(babel)             in language  on input line 27.
Package babel Info: Redefining spanish shorthand "!
(babel)             in language  on input line 27.
Package babel Info: Redefining spanish shorthand "?
(babel)             in language  on input line 27.

("C:\Program Files\MiKTeX 2.9\tex\generic\oberdiek\se-ascii-print.def"
File: se-ascii-print.def 2016/05/16 v1.11 stringenc: Printable ASCII characters

)
Package babel Info: Redefining spanish shorthand <<
(babel)             in language  on input line 27.
Package babel Info: Redefining spanish shorthand >>
(babel)             in language  on input line 27.
Package babel Info: Redefining spanish shorthand "=
(babel)             in language  on input line 27.
Package babel Info: Redefining spanish shorthand "~
(babel)             in language  on input line 27.
Package babel Info: Redefining spanish shorthand "!
(babel)             in language  on input line 27.
Package babel Info: Redefining spanish shorthand "?
(babel)             in language  on input line 27.

[1

]
Package babel Info: Redefining spanish shorthand <<
(babel)             in language  on input line 27.
Package babel Info: Redefining spanish shorthand >>
(babel)             in language  on input line 27.
Package babel Info: Redefining spanish shorthand "=
(babel)             in language  on input line 27.
Package babel Info: Redefining spanish shorthand "~
(babel)             in language  on input line 27.
Package babel Info: Redefining spanish shorthand "!
(babel)             in language  on input line 27.
Package babel Info: Redefining spanish shorthand "?
(babel)             in language  on input line 27.
Package babel Info: Redefining spanish shorthand <<
(babel)             in language  on input line 27.
Package babel Info: Redefining spanish shorthand >>
(babel)             in language  on input line 27.
Package babel Info: Redefining spanish shorthand "=
(babel)             in language  on input line 27.
Package babel Info: Redefining spanish shorthand "~
(babel)             in language  on input line 27.
Package babel Info: Redefining spanish shorthand "!
(babel)             in language  on input line 27.
Package babel Info: Redefining spanish shorthand "?
(babel)             in language  on input line 27.
 [2]
Package babel Info: Redefining spanish shorthand <<
(babel)             in language  on input line 28.
Package babel Info: Redefining spanish shorthand >>
(babel)             in language  on input line 28.
Package babel Info: Redefining spanish shorthand "=
(babel)             in language  on input line 28.
Package babel Info: Redefining spanish shorthand "~
(babel)             in language  on input line 28.
Package babel Info: Redefining spanish shorthand "!
(babel)             in language  on input line 28.
Package babel Info: Redefining spanish shorthand "?
(babel)             in language  on input line 28.

Overfull \hbox (23.67181pt too wide) in paragraph at lines 29--30
\TU/lmr/m/n/14.4 (https://www.kaggle.com/c/house-prices-advanced-regression-tec
hniques)
 []


Underfull \hbox (badness 10000) in paragraph at lines 29--30

 []

Package babel Info: Redefining spanish shorthand <<
(babel)             in language  on input line 33.
Package babel Info: Redefining spanish shorthand >>
(babel)             in language  on input line 33.
Package babel Info: Redefining spanish shorthand "=
(babel)             in language  on input line 33.
Package babel Info: Redefining spanish shorthand "~
(babel)             in language  on input line 33.
Package babel Info: Redefining spanish shorthand "!
(babel)             in language  on input line 33.
Package babel Info: Redefining spanish shorthand "?
(babel)             in language  on input line 33.

Underfull \hbox (badness 10000) in paragraph at lines 45--46

 []


Overfull \hbox (45.93192pt too wide) in paragraph at lines 51--70
 []|  [] 
 []

Package babel Info: Redefining spanish shorthand <<
(babel)             in language  on input line 70.
Package babel Info: Redefining spanish shorthand >>
(babel)             in language  on input line 70.
Package babel Info: Redefining spanish shorthand "=
(babel)             in language  on input line 70.
Package babel Info: Redefining spanish shorthand "~
(babel)             in language  on input line 70.
Package babel Info: Redefining spanish shorthand "!
(babel)             in language  on input line 70.
Package babel Info: Redefining spanish shorthand "?
(babel)             in language  on input line 70.
Package babel Info: Redefining spanish shorthand <<
(babel)             in language  on input line 70.
Package babel Info: Redefining spanish shorthand >>
(babel)             in language  on input line 70.
Package babel Info: Redefining spanish shorthand "=
(babel)             in language  on input line 70.
Package babel Info: Redefining spanish shorthand "~
(babel)             in language  on input line 70.
Package babel Info: Redefining spanish shorthand "!
(babel)             in language  on input line 70.
Package babel Info: Redefining spanish shorthand "?
(babel)             in language  on input line 70.
[3]
Overfull \hbox (31.81992pt too wide) in paragraph at lines 76--84
 []|  [] 
 []


LaTeX Warning: `!h' float specifier changed to `!ht'.

Package babel Info: Redefining spanish shorthand <<
(babel)             in language  on input line 86.
Package babel Info: Redefining spanish shorthand >>
(babel)             in language  on input line 86.
Package babel Info: Redefining spanish shorthand "=
(babel)             in language  on input line 86.
Package babel Info: Redefining spanish shorthand "~
(babel)             in language  on input line 86.
Package babel Info: Redefining spanish shorthand "!
(babel)             in language  on input line 86.
Package babel Info: Redefining spanish shorthand "?
(babel)             in language  on input line 86.

Underfull \hbox (badness 10000) in paragraph at lines 88--89

 []

Package babel Info: Redefining spanish shorthand <<
(babel)             in language  on input line 89.
Package babel Info: Redefining spanish shorthand >>
(babel)             in language  on input line 89.
Package babel Info: Redefining spanish shorthand "=
(babel)             in language  on input line 89.
Package babel Info: Redefining spanish shorthand "~
(babel)             in language  on input line 89.
Package babel Info: Redefining spanish shorthand "!
(babel)             in language  on input line 89.
Package babel Info: Redefining spanish shorthand "?
(babel)             in language  on input line 89.
Package babel Info: Redefining spanish shorthand <<
(babel)             in language  on input line 89.
Package babel Info: Redefining spanish shorthand >>
(babel)             in language  on input line 89.
Package babel Info: Redefining spanish shorthand "=
(babel)             in language  on input line 89.
Package babel Info: Redefining spanish shorthand "~
(babel)             in language  on input line 89.
Package babel Info: Redefining spanish shorthand "!
(babel)             in language  on input line 89.
Package babel Info: Redefining spanish shorthand "?
(babel)             in language  on input line 89.
[4]
File: img/outliers.png Graphic file (type QTm)
 <use  "img/outliers.png" >
Package babel Info: Redefining spanish shorthand <<
(babel)             in language  on input line 99.
Package babel Info: Redefining spanish shorthand >>
(babel)             in language  on input line 99.
Package babel Info: Redefining spanish shorthand "=
(babel)             in language  on input line 99.
Package babel Info: Redefining spanish shorthand "~
(babel)             in language  on input line 99.
Package babel Info: Redefining spanish shorthand "!
(babel)             in language  on input line 99.
Package babel Info: Redefining spanish shorthand "?
(babel)             in language  on input line 99.
Package babel Info: Redefining spanish shorthand <<
(babel)             in language  on input line 99.
Package babel Info: Redefining spanish shorthand >>
(babel)             in language  on input line 99.
Package babel Info: Redefining spanish shorthand "=
(babel)             in language  on input line 99.
Package babel Info: Redefining spanish shorthand "~
(babel)             in language  on input line 99.
Package babel Info: Redefining spanish shorthand "!
(babel)             in language  on input line 99.
Package babel Info: Redefining spanish shorthand "?
(babel)             in language  on input line 99.
 [5]
File: img/SalePriceNormalice.png Graphic file (type QTm)
 <use  "img/SalePriceNormalice.png" >
Underfull \hbox (badness 10000) in paragraph at lines 107--108

 []

File: img/fullna.png Graphic file (type QTm)
<use  "img/fullna.png" >

LaTeX Warning: `!h' float specifier changed to `!ht'.


Underfull \hbox (badness 10000) in paragraph at lines 119--120

 []

File: img/zerona.png Graphic file (type QTm)
<use  "img/zerona.png" >
Package babel Info: Redefining spanish shorthand <<
(babel)             in language  on input line 126.
Package babel Info: Redefining spanish shorthand >>
(babel)             in language  on input line 126.
Package babel Info: Redefining spanish shorthand "=
(babel)             in language  on input line 126.
Package babel Info: Redefining spanish shorthand "~
(babel)             in language  on input line 126.
Package babel Info: Redefining spanish shorthand "!
(babel)             in language  on input line 126.
Package babel Info: Redefining spanish shorthand "?
(babel)             in language  on input line 126.
Package babel Info: Redefining spanish shorthand <<
(babel)             in language  on input line 126.
Package babel Info: Redefining spanish shorthand >>
(babel)             in language  on input line 126.
Package babel Info: Redefining spanish shorthand "=
(babel)             in language  on input line 126.
Package babel Info: Redefining spanish shorthand "~
(babel)             in language  on input line 126.
Package babel Info: Redefining spanish shorthand "!
(babel)             in language  on input line 126.
Package babel Info: Redefining spanish shorthand "?
(babel)             in language  on input line 126.
 [6]
Underfull \hbox (badness 10000) in paragraph at lines 128--129

 []

Package babel Info: Redefining spanish shorthand <<
(babel)             in language  on input line 129.
Package babel Info: Redefining spanish shorthand >>
(babel)             in language  on input line 129.
Package babel Info: Redefining spanish shorthand "=
(babel)             in language  on input line 129.
Package babel Info: Redefining spanish shorthand "~
(babel)             in language  on input line 129.
Package babel Info: Redefining spanish shorthand "!
(babel)             in language  on input line 129.
Package babel Info: Redefining spanish shorthand "?
(babel)             in language  on input line 129.
Package babel Info: Redefining spanish shorthand <<
(babel)             in language  on input line 129.
Package babel Info: Redefining spanish shorthand >>
(babel)             in language  on input line 129.
Package babel Info: Redefining spanish shorthand "=
(babel)             in language  on input line 129.
Package babel Info: Redefining spanish shorthand "~
(babel)             in language  on input line 129.
Package babel Info: Redefining spanish shorthand "!
(babel)             in language  on input line 129.
Package babel Info: Redefining spanish shorthand "?
(babel)             in language  on input line 129.
[7]
Underfull \hbox (badness 10000) in paragraph at lines 130--131

 []


Underfull \hbox (badness 10000) in paragraph at lines 132--133

 []


Underfull \hbox (badness 10000) in paragraph at lines 134--135

 []


Underfull \hbox (badness 10000) in paragraph at lines 136--137

 []

Package babel Info: Redefining spanish shorthand <<
(babel)             in language  on input line 139.
Package babel Info: Redefining spanish shorthand >>
(babel)             in language  on input line 139.
Package babel Info: Redefining spanish shorthand "=
(babel)             in language  on input line 139.
Package babel Info: Redefining spanish shorthand "~
(babel)             in language  on input line 139.
Package babel Info: Redefining spanish shorthand "!
(babel)             in language  on input line 139.
Package babel Info: Redefining spanish shorthand "?
(babel)             in language  on input line 139.

Underfull \hbox (badness 10000) in paragraph at lines 140--141

 []

Package babel Info: Redefining spanish shorthand <<
(babel)             in language  on input line 141.
Package babel Info: Redefining spanish shorthand >>
(babel)             in language  on input line 141.
Package babel Info: Redefining spanish shorthand "=
(babel)             in language  on input line 141.
Package babel Info: Redefining spanish shorthand "~
(babel)             in language  on input line 141.
Package babel Info: Redefining spanish shorthand "!
(babel)             in language  on input line 141.
Package babel Info: Redefining spanish shorthand "?
(babel)             in language  on input line 141.
Package babel Info: Redefining spanish shorthand <<
(babel)             in language  on input line 141.
Package babel Info: Redefining spanish shorthand >>
(babel)             in language  on input line 141.
Package babel Info: Redefining spanish shorthand "=
(babel)             in language  on input line 141.
Package babel Info: Redefining spanish shorthand "~
(babel)             in language  on input line 141.
Package babel Info: Redefining spanish shorthand "!
(babel)             in language  on input line 141.
Package babel Info: Redefining spanish shorthand "?
(babel)             in language  on input line 141.
[8]
Underfull \hbox (badness 10000) in paragraph at lines 142--143

 []


Underfull \hbox (badness 10000) in paragraph at lines 144--145

 []

Package babel Info: Redefining spanish shorthand <<
(babel)             in language  on input line 146.
Package babel Info: Redefining spanish shorthand >>
(babel)             in language  on input line 146.
Package babel Info: Redefining spanish shorthand "=
(babel)             in language  on input line 146.
Package babel Info: Redefining spanish shorthand "~
(babel)             in language  on input line 146.
Package babel Info: Redefining spanish shorthand "!
(babel)             in language  on input line 146.
Package babel Info: Redefining spanish shorthand "?
(babel)             in language  on input line 146.

Underfull \hbox (badness 10000) in paragraph at lines 147--148

 []


Underfull \hbox (badness 10000) in paragraph at lines 151--152

 []

Package babel Info: Redefining spanish shorthand <<
(babel)             in language  on input line 152.
Package babel Info: Redefining spanish shorthand >>
(babel)             in language  on input line 152.
Package babel Info: Redefining spanish shorthand "=
(babel)             in language  on input line 152.
Package babel Info: Redefining spanish shorthand "~
(babel)             in language  on input line 152.
Package babel Info: Redefining spanish shorthand "!
(babel)             in language  on input line 152.
Package babel Info: Redefining spanish shorthand "?
(babel)             in language  on input line 152.
Package babel Info: Redefining spanish shorthand <<
(babel)             in language  on input line 152.
Package babel Info: Redefining spanish shorthand >>
(babel)             in language  on input line 152.
Package babel Info: Redefining spanish shorthand "=
(babel)             in language  on input line 152.
Package babel Info: Redefining spanish shorthand "~
(babel)             in language  on input line 152.
Package babel Info: Redefining spanish shorthand "!
(babel)             in language  on input line 152.
Package babel Info: Redefining spanish shorthand "?
(babel)             in language  on input line 152.
[9]
Package babel Info: Redefining spanish shorthand <<
(babel)             in language  on input line 153.
Package babel Info: Redefining spanish shorthand >>
(babel)             in language  on input line 153.
Package babel Info: Redefining spanish shorthand "=
(babel)             in language  on input line 153.
Package babel Info: Redefining spanish shorthand "~
(babel)             in language  on input line 153.
Package babel Info: Redefining spanish shorthand "!
(babel)             in language  on input line 153.
Package babel Info: Redefining spanish shorthand "?
(babel)             in language  on input line 153.

Underfull \hbox (badness 10000) in paragraph at lines 155--156

 []


Underfull \hbox (badness 10000) in paragraph at lines 157--158

 []

File: img/nassecpre.png Graphic file (type QTm)
<use  "img/nassecpre.png" >

LaTeX Warning: `!h' float specifier changed to `!ht'.


Underfull \hbox (badness 10000) in paragraph at lines 166--167

 []


Underfull \hbox (badness 10000) in paragraph at lines 168--169

 []


Underfull \hbox (badness 10000) in paragraph at lines 170--171

 []

Package babel Info: Redefining spanish shorthand <<
(babel)             in language  on input line 172.
Package babel Info: Redefining spanish shorthand >>
(babel)             in language  on input line 172.
Package babel Info: Redefining spanish shorthand "=
(babel)             in language  on input line 172.
Package babel Info: Redefining spanish shorthand "~
(babel)             in language  on input line 172.
Package babel Info: Redefining spanish shorthand "!
(babel)             in language  on input line 172.
Package babel Info: Redefining spanish shorthand "?
(babel)             in language  on input line 172.
Package babel Info: Redefining spanish shorthand <<
(babel)             in language  on input line 175.
Package babel Info: Redefining spanish shorthand >>
(babel)             in language  on input line 175.
Package babel Info: Redefining spanish shorthand "=
(babel)             in language  on input line 175.
Package babel Info: Redefining spanish shorthand "~
(babel)             in language  on input line 175.
Package babel Info: Redefining spanish shorthand "!
(babel)             in language  on input line 175.
Package babel Info: Redefining spanish shorthand "?
(babel)             in language  on input line 175.
Package babel Info: Redefining spanish shorthand <<
(babel)             in language  on input line 175.
Package babel Info: Redefining spanish shorthand >>
(babel)             in language  on input line 175.
Package babel Info: Redefining spanish shorthand "=
(babel)             in language  on input line 175.
Package babel Info: Redefining spanish shorthand "~
(babel)             in language  on input line 175.
Package babel Info: Redefining spanish shorthand "!
(babel)             in language  on input line 175.
Package babel Info: Redefining spanish shorthand "?
(babel)             in language  on input line 175.
[10]
Package babel Info: Redefining spanish shorthand <<
(babel)             in language  on input line 178.
Package babel Info: Redefining spanish shorthand >>
(babel)             in language  on input line 178.
Package babel Info: Redefining spanish shorthand "=
(babel)             in language  on input line 178.
Package babel Info: Redefining spanish shorthand "~
(babel)             in language  on input line 178.
Package babel Info: Redefining spanish shorthand "!
(babel)             in language  on input line 178.
Package babel Info: Redefining spanish shorthand "?
(babel)             in language  on input line 178.
Package babel Info: Redefining spanish shorthand <<
(babel)             in language  on input line 183.
Package babel Info: Redefining spanish shorthand >>
(babel)             in language  on input line 183.
Package babel Info: Redefining spanish shorthand "=
(babel)             in language  on input line 183.
Package babel Info: Redefining spanish shorthand "~
(babel)             in language  on input line 183.
Package babel Info: Redefining spanish shorthand "!
(babel)             in language  on input line 183.
Package babel Info: Redefining spanish shorthand "?
(babel)             in language  on input line 183.
Package babel Info: Redefining spanish shorthand <<
(babel)             in language  on input line 183.
Package babel Info: Redefining spanish shorthand >>
(babel)             in language  on input line 183.
Package babel Info: Redefining spanish shorthand "=
(babel)             in language  on input line 183.
Package babel Info: Redefining spanish shorthand "~
(babel)             in language  on input line 183.
Package babel Info: Redefining spanish shorthand "!
(babel)             in language  on input line 183.
Package babel Info: Redefining spanish shorthand "?
(babel)             in language  on input line 183.
 [11]
Package babel Info: Redefining spanish shorthand <<
(babel)             in language  on input line 191.
Package babel Info: Redefining spanish shorthand >>
(babel)             in language  on input line 191.
Package babel Info: Redefining spanish shorthand "=
(babel)             in language  on input line 191.
Package babel Info: Redefining spanish shorthand "~
(babel)             in language  on input line 191.
Package babel Info: Redefining spanish shorthand "!
(babel)             in language  on input line 191.
Package babel Info: Redefining spanish shorthand "?
(babel)             in language  on input line 191.

Underfull \hbox (badness 10000) in paragraph at lines 193--194

 []


Underfull \hbox (badness 10000) in paragraph at lines 195--196

 []

Package babel Info: Redefining spanish shorthand <<
(babel)             in language  on input line 197.
Package babel Info: Redefining spanish shorthand >>
(babel)             in language  on input line 197.
Package babel Info: Redefining spanish shorthand "=
(babel)             in language  on input line 197.
Package babel Info: Redefining spanish shorthand "~
(babel)             in language  on input line 197.
Package babel Info: Redefining spanish shorthand "!
(babel)             in language  on input line 197.
Package babel Info: Redefining spanish shorthand "?
(babel)             in language  on input line 197.
Package babel Info: Redefining spanish shorthand <<
(babel)             in language  on input line 197.
Package babel Info: Redefining spanish shorthand >>
(babel)             in language  on input line 197.
Package babel Info: Redefining spanish shorthand "=
(babel)             in language  on input line 197.
Package babel Info: Redefining spanish shorthand "~
(babel)             in language  on input line 197.
Package babel Info: Redefining spanish shorthand "!
(babel)             in language  on input line 197.
Package babel Info: Redefining spanish shorthand "?
(babel)             in language  on input line 197.
[12]
Underfull \hbox (badness 10000) in paragraph at lines 197--198

 []


Underfull \hbox (badness 10000) in paragraph at lines 199--200

 []

Package babel Info: Redefining spanish shorthand <<
(babel)             in language  on input line 201.
Package babel Info: Redefining spanish shorthand >>
(babel)             in language  on input line 201.
Package babel Info: Redefining spanish shorthand "=
(babel)             in language  on input line 201.
Package babel Info: Redefining spanish shorthand "~
(babel)             in language  on input line 201.
Package babel Info: Redefining spanish shorthand "!
(babel)             in language  on input line 201.
Package babel Info: Redefining spanish shorthand "?
(babel)             in language  on input line 201.

Underfull \hbox (badness 10000) in paragraph at lines 203--204

 []

Package babel Info: Redefining spanish shorthand <<
(babel)             in language  on input line 216.
Package babel Info: Redefining spanish shorthand >>
(babel)             in language  on input line 216.
Package babel Info: Redefining spanish shorthand "=
(babel)             in language  on input line 216.
Package babel Info: Redefining spanish shorthand "~
(babel)             in language  on input line 216.
Package babel Info: Redefining spanish shorthand "!
(babel)             in language  on input line 216.
Package babel Info: Redefining spanish shorthand "?
(babel)             in language  on input line 216.
Package babel Info: Redefining spanish shorthand <<
(babel)             in language  on input line 216.
Package babel Info: Redefining spanish shorthand >>
(babel)             in language  on input line 216.
Package babel Info: Redefining spanish shorthand "=
(babel)             in language  on input line 216.
Package babel Info: Redefining spanish shorthand "~
(babel)             in language  on input line 216.
Package babel Info: Redefining spanish shorthand "!
(babel)             in language  on input line 216.
Package babel Info: Redefining spanish shorthand "?
(babel)             in language  on input line 216.
[13]
Underfull \hbox (badness 10000) in paragraph at lines 219--220

 []


Underfull \hbox (badness 10000) in paragraph at lines 222--223

 []

Package babel Info: Redefining spanish shorthand <<
(babel)             in language  on input line 230.
Package babel Info: Redefining spanish shorthand >>
(babel)             in language  on input line 230.
Package babel Info: Redefining spanish shorthand "=
(babel)             in language  on input line 230.
Package babel Info: Redefining spanish shorthand "~
(babel)             in language  on input line 230.
Package babel Info: Redefining spanish shorthand "!
(babel)             in language  on input line 230.
Package babel Info: Redefining spanish shorthand "?
(babel)             in language  on input line 230.
Package babel Info: Redefining spanish shorthand <<
(babel)             in language  on input line 233.
Package babel Info: Redefining spanish shorthand >>
(babel)             in language  on input line 233.
Package babel Info: Redefining spanish shorthand "=
(babel)             in language  on input line 233.
Package babel Info: Redefining spanish shorthand "~
(babel)             in language  on input line 233.
Package babel Info: Redefining spanish shorthand "!
(babel)             in language  on input line 233.
Package babel Info: Redefining spanish shorthand "?
(babel)             in language  on input line 233.
Package babel Info: Redefining spanish shorthand <<
(babel)             in language  on input line 233.
Package babel Info: Redefining spanish shorthand >>
(babel)             in language  on input line 233.
Package babel Info: Redefining spanish shorthand "=
(babel)             in language  on input line 233.
Package babel Info: Redefining spanish shorthand "~
(babel)             in language  on input line 233.
Package babel Info: Redefining spanish shorthand "!
(babel)             in language  on input line 233.
Package babel Info: Redefining spanish shorthand "?
(babel)             in language  on input line 233.
[14]
Package babel Info: Redefining spanish shorthand <<
(babel)             in language  on input line 239.
Package babel Info: Redefining spanish shorthand >>
(babel)             in language  on input line 239.
Package babel Info: Redefining spanish shorthand "=
(babel)             in language  on input line 239.
Package babel Info: Redefining spanish shorthand "~
(babel)             in language  on input line 239.
Package babel Info: Redefining spanish shorthand "!
(babel)             in language  on input line 239.
Package babel Info: Redefining spanish shorthand "?
(babel)             in language  on input line 239.

Underfull \hbox (badness 10000) in paragraph at lines 241--242

 []


Underfull \hbox (badness 10000) in paragraph at lines 243--244

 []


Underfull \hbox (badness 10000) in paragraph at lines 245--246

 []

Package babel Info: Redefining spanish shorthand <<
(babel)             in language  on input line 248.
Package babel Info: Redefining spanish shorthand >>
(babel)             in language  on input line 248.
Package babel Info: Redefining spanish shorthand "=
(babel)             in language  on input line 248.
Package babel Info: Redefining spanish shorthand "~
(babel)             in language  on input line 248.
Package babel Info: Redefining spanish shorthand "!
(babel)             in language  on input line 248.
Package babel Info: Redefining spanish shorthand "?
(babel)             in language  on input line 248.

Underfull \hbox (badness 10000) in paragraph at lines 250--251

 []

Package babel Info: Redefining spanish shorthand <<
(babel)             in language  on input line 251.
Package babel Info: Redefining spanish shorthand >>
(babel)             in language  on input line 251.
Package babel Info: Redefining spanish shorthand "=
(babel)             in language  on input line 251.
Package babel Info: Redefining spanish shorthand "~
(babel)             in language  on input line 251.
Package babel Info: Redefining spanish shorthand "!
(babel)             in language  on input line 251.
Package babel Info: Redefining spanish shorthand "?
(babel)             in language  on input line 251.
Package babel Info: Redefining spanish shorthand <<
(babel)             in language  on input line 251.
Package babel Info: Redefining spanish shorthand >>
(babel)             in language  on input line 251.
Package babel Info: Redefining spanish shorthand "=
(babel)             in language  on input line 251.
Package babel Info: Redefining spanish shorthand "~
(babel)             in language  on input line 251.
Package babel Info: Redefining spanish shorthand "!
(babel)             in language  on input line 251.
Package babel Info: Redefining spanish shorthand "?
(babel)             in language  on input line 251.
[15]
Underfull \hbox (badness 10000) in paragraph at lines 252--253

 []


Underfull \hbox (badness 10000) in paragraph at lines 254--255

 []

Package babel Info: Redefining spanish shorthand <<
(babel)             in language  on input line 257.
Package babel Info: Redefining spanish shorthand >>
(babel)             in language  on input line 257.
Package babel Info: Redefining spanish shorthand "=
(babel)             in language  on input line 257.
Package babel Info: Redefining spanish shorthand "~
(babel)             in language  on input line 257.
Package babel Info: Redefining spanish shorthand "!
(babel)             in language  on input line 257.
Package babel Info: Redefining spanish shorthand "?
(babel)             in language  on input line 257.
Package babel Info: Redefining spanish shorthand <<
(babel)             in language  on input line 261.
Package babel Info: Redefining spanish shorthand >>
(babel)             in language  on input line 261.
Package babel Info: Redefining spanish shorthand "=
(babel)             in language  on input line 261.
Package babel Info: Redefining spanish shorthand "~
(babel)             in language  on input line 261.
Package babel Info: Redefining spanish shorthand "!
(babel)             in language  on input line 261.
Package babel Info: Redefining spanish shorthand "?
(babel)             in language  on input line 261.
Package babel Info: Redefining spanish shorthand <<
(babel)             in language  on input line 261.
Package babel Info: Redefining spanish shorthand >>
(babel)             in language  on input line 261.
Package babel Info: Redefining spanish shorthand "=
(babel)             in language  on input line 261.
Package babel Info: Redefining spanish shorthand "~
(babel)             in language  on input line 261.
Package babel Info: Redefining spanish shorthand "!
(babel)             in language  on input line 261.
Package babel Info: Redefining spanish shorthand "?
(babel)             in language  on input line 261.
[16]
Package atveryend Info: Empty hook `BeforeClearDocument' on input line 263.
Package babel Info: Redefining spanish shorthand <<
(babel)             in language  on input line 263.
Package babel Info: Redefining spanish shorthand >>
(babel)             in language  on input line 263.
Package babel Info: Redefining spanish shorthand "=
(babel)             in language  on input line 263.
Package babel Info: Redefining spanish shorthand "~
(babel)             in language  on input line 263.
Package babel Info: Redefining spanish shorthand "!
(babel)             in language  on input line 263.
Package babel Info: Redefining spanish shorthand "?
(babel)             in language  on input line 263.
Package babel Info: Redefining spanish shorthand <<
(babel)             in language  on input line 263.
Package babel Info: Redefining spanish shorthand >>
(babel)             in language  on input line 263.
Package babel Info: Redefining spanish shorthand "=
(babel)             in language  on input line 263.
Package babel Info: Redefining spanish shorthand "~
(babel)             in language  on input line 263.
Package babel Info: Redefining spanish shorthand "!
(babel)             in language  on input line 263.
Package babel Info: Redefining spanish shorthand "?
(babel)             in language  on input line 263.
 [17]
Package atveryend Info: Empty hook `AfterLastShipout' on input line 263.
 (Practica3.aux
LaTeX Info: Redefining \. on input line 23.
LaTeX Info: Redefining \% on input line 23.
)
Package atveryend Info: Empty hook `AtVeryEndDocument' on input line 263.
Package atveryend Info: Empty hook `AtEndAfterFileList' on input line 263.
Package atveryend Info: Empty hook `AtVeryVeryEnd' on input line 263.
 ) 
Here is how much of TeX's memory you used:
 12576 strings out of 427834
 175862 string characters out of 3152469
 271394 words of memory out of 3000000
 16413 multiletter control sequences out of 15000+200000
 10588 words of font info for 52 fonts, out of 3000000 for 9000
 1328 hyphenation exceptions out of 8191
 36i,13n,45p,812b,415s stack positions out of 5000i,500n,10000p,200000b,50000s

Output written on Practica3.pdf (17 pages).
